Flow report for MIPS
Mon Jul 03 16:34:03 2017
Quartus II 64-Bit Version 13.0.1 Build 232 06/12/2013 Service Pack 1 SJ Web Edition


---------------------
; Table of Contents ;
---------------------
  1. Legal Notice
  2. Flow Summary
  3. Flow Settings
  4. Flow Non-Default Global Settings
  5. Flow Elapsed Time
  6. Flow OS Summary
  7. Flow Log
  8. Flow Messages
  9. Flow Suppressed Messages



----------------
; Legal Notice ;
----------------
Copyright (C) 1991-2013 Altera Corporation
Your use of Altera Corporation's design tools, logic functions 
and other software and tools, and its AMPP partner logic 
functions, and any output files from any of the foregoing 
(including device programming or simulation files), and any 
associated documentation or information are expressly subject 
to the terms and conditions of the Altera Program License 
Subscription Agreement, Altera MegaCore Function License 
Agreement, or other applicable license agreement, including, 
without limitation, that your use is for the sole purpose of 
programming logic devices manufactured by Altera and sold by 
Altera or its authorized distributors.  Please refer to the 
applicable agreement for further details.



+--------------------------------------------------------------------------------------+
; Flow Summary                                                                         ;
+------------------------------------+-------------------------------------------------+
; Flow Status                        ; Successful - Mon Jul 03 16:34:03 2017           ;
; Quartus II 64-Bit Version          ; 13.0.1 Build 232 06/12/2013 SP 1 SJ Web Edition ;
; Revision Name                      ; MIPS                                            ;
; Top-level Entity Name              ; mips_mono                                       ;
; Family                             ; Cyclone II                                      ;
; Device                             ; EP2C35F672C6                                    ;
; Timing Models                      ; Final                                           ;
; Total logic elements               ; 2,485 / 33,216 ( 7 % )                          ;
;     Total combinational functions  ; 2,063 / 33,216 ( 6 % )                          ;
;     Dedicated logic registers      ; 1,027 / 33,216 ( 3 % )                          ;
; Total registers                    ; 1027                                            ;
; Total pins                         ; 161 / 475 ( 34 % )                              ;
; Total virtual pins                 ; 0                                               ;
; Total memory bits                  ; 16,384 / 483,840 ( 3 % )                        ;
; Embedded Multiplier 9-bit elements ; 0 / 70 ( 0 % )                                  ;
; Total PLLs                         ; 0 / 4 ( 0 % )                                   ;
+------------------------------------+-------------------------------------------------+


+-----------------------------------------+
; Flow Settings                           ;
+-------------------+---------------------+
; Option            ; Setting             ;
+-------------------+---------------------+
; Start date & time ; 07/03/2017 16:32:19 ;
; Main task         ; Compilation         ;
; Revision Name     ; MIPS                ;
+-------------------+---------------------+


+---------------------------------------------------------------------------------------------------------------------+
; Flow Non-Default Global Settings                                                                                    ;
+-------------------------------------+--------------------------------+---------------+-------------+----------------+
; Assignment Name                     ; Value                          ; Default Value ; Entity Name ; Section Id     ;
+-------------------------------------+--------------------------------+---------------+-------------+----------------+
; COMPILER_SIGNATURE_ID               ; 31032335324524.149911033909208 ; --            ; --          ; --             ;
; EDA_OUTPUT_DATA_FORMAT              ; Vhdl                           ; --            ; --          ; eda_simulation ;
; EDA_SIMULATION_TOOL                 ; ModelSim-Altera (VHDL)         ; <None>        ; --          ; --             ;
; IP_TOOL_NAME                        ; LPM_ADD_SUB                    ; --            ; --          ; --             ;
; IP_TOOL_NAME                        ; ROM: 1-PORT                    ; --            ; --          ; --             ;
; IP_TOOL_NAME                        ; LPM_ADD_SUB                    ; --            ; --          ; --             ;
; IP_TOOL_NAME                        ; RAM: 1-PORT                    ; --            ; --          ; --             ;
; IP_TOOL_NAME                        ; LPM_MULT                       ; --            ; --          ; --             ;
; IP_TOOL_NAME                        ; LPM_ADD_SUB                    ; --            ; --          ; --             ;
; IP_TOOL_NAME                        ; LPM_ADD_SUB                    ; --            ; --          ; --             ;
; IP_TOOL_NAME                        ; LPM_MULT                       ; --            ; --          ; --             ;
; IP_TOOL_NAME                        ; LPM_DIVIDE                     ; --            ; --          ; --             ;
; IP_TOOL_NAME                        ; LPM_CONSTANT                   ; --            ; --          ; --             ;
; IP_TOOL_NAME                        ; LPM_CONSTANT                   ; --            ; --          ; --             ;
; IP_TOOL_NAME                        ; LPM_CONSTANT                   ; --            ; --          ; --             ;
; IP_TOOL_NAME                        ; LPM_CONSTANT                   ; --            ; --          ; --             ;
; IP_TOOL_NAME                        ; LPM_CONSTANT                   ; --            ; --          ; --             ;
; IP_TOOL_VERSION                     ; 9.1                            ; --            ; --          ; --             ;
; IP_TOOL_VERSION                     ; 13.0                           ; --            ; --          ; --             ;
; IP_TOOL_VERSION                     ; 9.1                            ; --            ; --          ; --             ;
; IP_TOOL_VERSION                     ; 13.0                           ; --            ; --          ; --             ;
; IP_TOOL_VERSION                     ; 9.1                            ; --            ; --          ; --             ;
; IP_TOOL_VERSION                     ; 9.1                            ; --            ; --          ; --             ;
; IP_TOOL_VERSION                     ; 9.1                            ; --            ; --          ; --             ;
; IP_TOOL_VERSION                     ; 9.1                            ; --            ; --          ; --             ;
; IP_TOOL_VERSION                     ; 9.1                            ; --            ; --          ; --             ;
; IP_TOOL_VERSION                     ; 13.0                           ; --            ; --          ; --             ;
; IP_TOOL_VERSION                     ; 13.0                           ; --            ; --          ; --             ;
; IP_TOOL_VERSION                     ; 13.0                           ; --            ; --          ; --             ;
; IP_TOOL_VERSION                     ; 13.0                           ; --            ; --          ; --             ;
; IP_TOOL_VERSION                     ; 13.0                           ; --            ; --          ; --             ;
; MAX_CORE_JUNCTION_TEMP              ; 85                             ; --            ; --          ; --             ;
; MIN_CORE_JUNCTION_TEMP              ; 0                              ; --            ; --          ; --             ;
; MISC_FILE                           ; MIPS.dpf                       ; --            ; --          ; --             ;
; MISC_FILE                           ; lpm_add_sub0.bsf               ; --            ; --          ; --             ;
; MISC_FILE                           ; lpm_add_sub0.cmp               ; --            ; --          ; --             ;
; MISC_FILE                           ; rom.bsf                        ; --            ; --          ; --             ;
; MISC_FILE                           ; lpm_add_sub1.bsf               ; --            ; --          ; --             ;
; MISC_FILE                           ; lpm_add_sub1.cmp               ; --            ; --          ; --             ;
; MISC_FILE                           ; ram.bsf                        ; --            ; --          ; --             ;
; MISC_FILE                           ; lpm_mult0.tdf                  ; --            ; --          ; --             ;
; MISC_FILE                           ; lpm_mult0.bsf                  ; --            ; --          ; --             ;
; MISC_FILE                           ; lpm_mult0.inc                  ; --            ; --          ; --             ;
; MISC_FILE                           ; lpm_add_sub2.tdf               ; --            ; --          ; --             ;
; MISC_FILE                           ; lpm_add_sub2.bsf               ; --            ; --          ; --             ;
; MISC_FILE                           ; lpm_add_sub2.inc               ; --            ; --          ; --             ;
; MISC_FILE                           ; lpm_add_sub3.tdf               ; --            ; --          ; --             ;
; MISC_FILE                           ; lpm_add_sub3.bsf               ; --            ; --          ; --             ;
; MISC_FILE                           ; lpm_add_sub3.inc               ; --            ; --          ; --             ;
; MISC_FILE                           ; lpm_mult1.tdf                  ; --            ; --          ; --             ;
; MISC_FILE                           ; lpm_mult1.bsf                  ; --            ; --          ; --             ;
; MISC_FILE                           ; lpm_mult1.inc                  ; --            ; --          ; --             ;
; MISC_FILE                           ; lpm_divide0.tdf                ; --            ; --          ; --             ;
; MISC_FILE                           ; lpm_divide0.bsf                ; --            ; --          ; --             ;
; MISC_FILE                           ; lpm_divide0.inc                ; --            ; --          ; --             ;
; MISC_FILE                           ; lpm_constant0.tdf              ; --            ; --          ; --             ;
; MISC_FILE                           ; lpm_constant0.bsf              ; --            ; --          ; --             ;
; MISC_FILE                           ; lpm_constant0.inc              ; --            ; --          ; --             ;
; MISC_FILE                           ; lpm_constant1.bsf              ; --            ; --          ; --             ;
; MISC_FILE                           ; lpm_constant1.cmp              ; --            ; --          ; --             ;
; MISC_FILE                           ; lpm_constant2.bsf              ; --            ; --          ; --             ;
; MISC_FILE                           ; lpm_constant2.cmp              ; --            ; --          ; --             ;
; MISC_FILE                           ; lpm_constant3.bsf              ; --            ; --          ; --             ;
; MISC_FILE                           ; lpm_constant3.cmp              ; --            ; --          ; --             ;
; MISC_FILE                           ; lpm_constant4.bsf              ; --            ; --          ; --             ;
; MISC_FILE                           ; lpm_constant4.cmp              ; --            ; --          ; --             ;
; PARTITION_COLOR                     ; 16764057                       ; --            ; mips_mono   ; Top            ;
; PARTITION_FITTER_PRESERVATION_LEVEL ; PLACEMENT_AND_ROUTING          ; --            ; mips_mono   ; Top            ;
; PARTITION_NETLIST_TYPE              ; SOURCE                         ; --            ; mips_mono   ; Top            ;
; TOP_LEVEL_ENTITY                    ; mips_mono                      ; MIPS          ; --          ; --             ;
; USE_GENERATED_PHYSICAL_CONSTRAINTS  ; Off                            ; --            ; --          ; eda_blast_fpga ;
+-------------------------------------+--------------------------------+---------------+-------------+----------------+


+-------------------------------------------------------------------------------------------------------------------------------+
; Flow Elapsed Time                                                                                                             ;
+---------------------------+--------------+-------------------------+---------------------+------------------------------------+
; Module Name               ; Elapsed Time ; Average Processors Used ; Peak Virtual Memory ; Total CPU Time (on all processors) ;
+---------------------------+--------------+-------------------------+---------------------+------------------------------------+
; Analysis & Synthesis      ; 00:00:28     ; 1.0                     ; 586 MB              ; 00:00:23                           ;
; Fitter                    ; 00:00:44     ; 1.0                     ; 808 MB              ; 00:00:36                           ;
; Assembler                 ; 00:00:04     ; 1.0                     ; 472 MB              ; 00:00:03                           ;
; TimeQuest Timing Analyzer ; 00:00:03     ; 1.0                     ; 495 MB              ; 00:00:02                           ;
; EDA Netlist Writer        ; 00:00:04     ; 1.0                     ; 454 MB              ; 00:00:03                           ;
; Total                     ; 00:01:23     ; --                      ; --                  ; 00:01:07                           ;
+---------------------------+--------------+-------------------------+---------------------+------------------------------------+


+----------------------------------------------------------------------------------------+
; Flow OS Summary                                                                        ;
+---------------------------+------------------+-----------+------------+----------------+
; Module Name               ; Machine Hostname ; OS Name   ; OS Version ; Processor type ;
+---------------------------+------------------+-----------+------------+----------------+
; Analysis & Synthesis      ; LAPTOP-MJ1J25C4  ; Windows 7 ; 6.2        ; x86_64         ;
; Fitter                    ; LAPTOP-MJ1J25C4  ; Windows 7 ; 6.2        ; x86_64         ;
; Assembler                 ; LAPTOP-MJ1J25C4  ; Windows 7 ; 6.2        ; x86_64         ;
; TimeQuest Timing Analyzer ; LAPTOP-MJ1J25C4  ; Windows 7 ; 6.2        ; x86_64         ;
; EDA Netlist Writer        ; LAPTOP-MJ1J25C4  ; Windows 7 ; 6.2        ; x86_64         ;
+---------------------------+------------------+-----------+------------+----------------+


------------
; Flow Log ;
------------
quartus_map --read_settings_files=on --write_settings_files=off MIPS -c MIPS
quartus_fit --read_settings_files=off --write_settings_files=off MIPS -c MIPS
quartus_asm --read_settings_files=off --write_settings_files=off MIPS -c MIPS
quartus_sta MIPS -c MIPS
quartus_eda --read_settings_files=off --write_settings_files=off MIPS -c MIPS



